<?xml version="1.0" encoding="UTF-8"?>
<testsuites tests="43" failures="0" time="241.978">
  <testsuite name="Root Suite" timestamp="2025-10-03T18:36:46" tests="0" file="cypress/e2e/stepDefinitions/invoices/sales/killSheets/manageAdvancedKillSheets.feature" time="0" failures="0"/>
  <testsuite name="Manage advanced kill sheets" timestamp="2025-10-03T18:36:46" tests="5" time="126.369" failures="0">
    <testcase name="Manage advanced kill sheets Adding an advanced kill sheet to an active sales invoice" time="27.754" classname="Adding an advanced kill sheet to an active sales invoice"/>
    <testcase name="Manage advanced kill sheets Adding a second kill sheet requires the second kill sheet to match the same type as the first (example andrewpixo/junit-time-parser#1)" time="13.163" classname="Adding a second kill sheet requires the second kill sheet to match the same type as the first (example andrewpixo/junit-time-parser#1)"/>
    <testcase name="Manage advanced kill sheets Adding a second kill sheet requires the second kill sheet to match the same type as the first (example andrewpixo/junit-time-parser#2)" time="13.232" classname="Adding a second kill sheet requires the second kill sheet to match the same type as the first (example andrewpixo/junit-time-parser#2)"/>
    <testcase name="Manage advanced kill sheets Adding an advanced kill sheet to a posted sales invoice" time="29.759" classname="Adding an advanced kill sheet to a posted sales invoice"/>
    <testcase name="Manage advanced kill sheets Adding two kill sheets, one before posting and one after" time="41.812" classname="Adding two kill sheets, one before posting and one after"/>
  </testsuite>
  <testsuite name="Add special tags to certain purchase loads for reporting" timestamp="2025-10-03T18:34:47" tests="5" time="118.005" failures="0">
    <testcase name="Add special tags to certain purchase loads for reporting Create an invoice where the location does not have a load report tag suggestion" time="22.260" classname="Create an invoice where the location does not have a load report tag suggestion"/>
    <testcase name="Add special tags to certain purchase loads for reporting Create an invoice where the location auto-fills a load report tag suggestion" time="22.131" classname="Create an invoice where the location auto-fills a load report tag suggestion"/>
    <testcase name="Add special tags to certain purchase loads for reporting Create an invoice with two locations that have matching load report tag suggestions" time="23.694" classname="Create an invoice with two locations that have matching load report tag suggestions"/>
    <testcase name="Add special tags to certain purchase loads for reporting Clear suggestions and disable field when two locations have non-matching load report tag suggestions" time="23.777" classname="Clear suggestions and disable field when two locations have non-matching load report tag suggestions"/>
    <testcase name="Add special tags to certain purchase loads for reporting Clear suggestions and disable field when two locations have load report tag suggestion and one null" time="23.432" classname="Clear suggestions and disable field when two locations have load report tag suggestion and one null"/>
  </testsuite>
  <testsuite name="Restrict invoice access to the appropriate user roles" timestamp="2025-10-03T18:28:26" tests="12" time="28.068" failures="0">
    <testcase name="Restrict invoice access to the appropriate user roles Invoice view access restrictions for a barn manager (example andrewpixo/junit-time-parser#1)" time="7.234" classname="Invoice view access restrictions for a barn manager (example andrewpixo/junit-time-parser#1)"/>
    <testcase name="Restrict invoice access to the appropriate user roles Invoice view access restrictions for a barn manager (example andrewpixo/junit-time-parser#2)" time="2.035" classname="Invoice view access restrictions for a barn manager (example andrewpixo/junit-time-parser#2)"/>
    <testcase name="Restrict invoice access to the appropriate user roles Invoice view access restrictions for a barn manager (example andrewpixo/junit-time-parser#3)" time="1.522" classname="Invoice view access restrictions for a barn manager (example andrewpixo/junit-time-parser#3)"/>
    <testcase name="Restrict invoice access to the appropriate user roles Invoice view access restrictions for a barn manager (example andrewpixo/junit-time-parser#4)" time="2.161" classname="Invoice view access restrictions for a barn manager (example andrewpixo/junit-time-parser#4)"/>
    <testcase name="Restrict invoice access to the appropriate user roles Invoice view access restrictions for a barn manager (example andrewpixo/junit-time-parser#5)" time="1.615" classname="Invoice view access restrictions for a barn manager (example andrewpixo/junit-time-parser#5)"/>
    <testcase name="Restrict invoice access to the appropriate user roles Invoice view access restrictions for a barn manager (example andrewpixo/junit-time-parser#6)" time="2.138" classname="Invoice view access restrictions for a barn manager (example andrewpixo/junit-time-parser#6)"/>
    <testcase name="Restrict invoice access to the appropriate user roles Invoice edit access restrictions for a barn manager (example andrewpixo/junit-time-parser#1)" time="1.400" classname="Invoice edit access restrictions for a barn manager (example andrewpixo/junit-time-parser#1)"/>
    <testcase name="Restrict invoice access to the appropriate user roles Invoice edit access restrictions for a barn manager (example andrewpixo/junit-time-parser#2)" time="1.969" classname="Invoice edit access restrictions for a barn manager (example andrewpixo/junit-time-parser#2)"/>
    <testcase name="Restrict invoice access to the appropriate user roles Invoice edit access restrictions for a barn manager (example andrewpixo/junit-time-parser#3)" time="1.441" classname="Invoice edit access restrictions for a barn manager (example andrewpixo/junit-time-parser#3)"/>
    <testcase name="Restrict invoice access to the appropriate user roles Invoice edit access restrictions for a barn manager (example andrewpixo/junit-time-parser#4)" time="2.073" classname="Invoice edit access restrictions for a barn manager (example andrewpixo/junit-time-parser#4)"/>
    <testcase name="Restrict invoice access to the appropriate user roles Invoice edit access restrictions for a barn manager (example andrewpixo/junit-time-parser#5)" time="1.552" classname="Invoice edit access restrictions for a barn manager (example andrewpixo/junit-time-parser#5)"/>
    <testcase name="Restrict invoice access to the appropriate user roles Invoice edit access restrictions for a barn manager (example andrewpixo/junit-time-parser#6)" time="2.304" classname="Invoice edit access restrictions for a barn manager (example andrewpixo/junit-time-parser#6)"/>
  </testsuite>
</testsuites>
